{"/Users/jphilistin/Documents/Coding/WrathWord/src/services/data/homeService.ts": {"path":"/Users/jphilistin/Documents/Coding/WrathWord/src/services/data/homeService.ts","statementMap":{"0":{"start":{"line":16,"column":28},"end":{"line":16,"column":40}},"1":{"start":{"line":41,"column":20},"end":{"line":41,"column":53}},"2":{"start":{"line":42,"column":2},"end":{"line":42,"column":42}},"3":{"start":{"line":50,"column":14},"end":{"line":50,"column":31}},"4":{"start":{"line":51,"column":16},"end":{"line":51,"column":58}},"5":{"start":{"line":53,"column":2},"end":{"line":55,"column":3}},"6":{"start":{"line":54,"column":4},"end":{"line":54,"column":16}},"7":{"start":{"line":57,"column":2},"end":{"line":65,"column":4}},"8":{"start":{"line":72,"column":14},"end":{"line":72,"column":31}},"9":{"start":{"line":73,"column":2},"end":{"line":73,"column":21}},"10":{"start":{"line":86,"column":2},"end":{"line":92,"column":5}},"11":{"start":{"line":95,"column":2},"end":{"line":107,"column":3}},"12":{"start":{"line":96,"column":4},"end":{"line":103,"column":7}},"13":{"start":{"line":106,"column":4},"end":{"line":106,"column":73}},"14":{"start":{"line":110,"column":2},"end":{"line":116,"column":3}},"15":{"start":{"line":111,"column":4},"end":{"line":115,"column":6}},"16":{"start":{"line":119,"column":2},"end":{"line":119,"column":19}}},"fnMap":{"0":{"name":"getGameStateKey","decl":{"start":{"line":40,"column":16},"end":{"line":40,"column":31}},"loc":{"start":{"line":40,"column":42},"end":{"line":43,"column":1}},"line":40},"1":{"name":"getHomeGameSummary","decl":{"start":{"line":49,"column":16},"end":{"line":49,"column":34}},"loc":{"start":{"line":49,"column":61},"end":{"line":66,"column":1}},"line":49},"2":{"name":"clearGameState","decl":{"start":{"line":71,"column":16},"end":{"line":71,"column":30}},"loc":{"start":{"line":71,"column":39},"end":{"line":74,"column":1}},"line":71},"3":{"name":"abandonGame","decl":{"start":{"line":82,"column":22},"end":{"line":82,"column":33}},"loc":{"start":{"line":84,"column":17},"end":{"line":120,"column":1}},"line":84}},"branchMap":{"0":{"loc":{"start":{"line":42,"column":9},"end":{"line":42,"column":41}},"type":"binary-expr","locations":[{"start":{"line":42,"column":9},"end":{"line":42,"column":18}},{"start":{"line":42,"column":22},"end":{"line":42,"column":41}}],"line":42},"1":{"loc":{"start":{"line":53,"column":2},"end":{"line":55,"column":3}},"type":"if","locations":[{"start":{"line":53,"column":2},"end":{"line":55,"column":3}},{"start":{},"end":{}}],"line":53},"2":{"loc":{"start":{"line":63,"column":17},"end":{"line":63,"column":40}},"type":"binary-expr","locations":[{"start":{"line":63,"column":17},"end":{"line":63,"column":35}},{"start":{"line":63,"column":39},"end":{"line":63,"column":40}}],"line":63},"3":{"loc":{"start":{"line":64,"column":14},"end":{"line":64,"column":34}},"type":"binary-expr","locations":[{"start":{"line":64,"column":14},"end":{"line":64,"column":28}},{"start":{"line":64,"column":32},"end":{"line":64,"column":34}}],"line":64},"4":{"loc":{"start":{"line":110,"column":2},"end":{"line":116,"column":3}},"type":"if","locations":[{"start":{"line":110,"column":2},"end":{"line":116,"column":3}},{"start":{},"end":{}}],"line":110}},"s":{"0":1,"1":22,"2":22,"3":7,"4":7,"5":7,"6":1,"7":6,"8":13,"9":13,"10":11,"11":11,"12":11,"13":1,"14":11,"15":9,"16":11},"f":{"0":22,"1":7,"2":13,"3":11},"b":{"0":[22,2],"1":[1,6],"2":[6,1],"3":[6,1],"4":[9,2]},"_coverageSchema":"1a1c01bbd47fc00a2c39e90264f33305004495a9","hash":"a7cbbb051e96fd00cc2e4a2dd6eaa53223e78e74"}
}
