TN:
SF:src/services/data/homeService.ts
FN:40,getGameStateKey
FN:49,getHomeGameSummary
FN:71,clearGameState
FN:82,abandonGame
FNF:4
FNH:4
FNDA:22,getGameStateKey
FNDA:7,getHomeGameSummary
FNDA:13,clearGameState
FNDA:11,abandonGame
DA:16,1
DA:41,22
DA:42,22
DA:50,7
DA:51,7
DA:53,7
DA:54,1
DA:57,6
DA:72,13
DA:73,13
DA:86,11
DA:95,11
DA:96,11
DA:106,1
DA:110,11
DA:111,9
DA:119,11
LF:17
LH:17
BRDA:42,0,0,22
BRDA:42,0,1,2
BRDA:53,1,0,1
BRDA:53,1,1,6
BRDA:63,2,0,6
BRDA:63,2,1,1
BRDA:64,3,0,6
BRDA:64,3,1,1
BRDA:110,4,0,9
BRDA:110,4,1,2
BRF:10
BRH:10
end_of_record
